<?xml version="1.0" encoding="UTF-8"?>
<!-- Generated by org.testng.reporters.JUnitReportReporter -->
<testsuite skipped="0" hostname="DESKTOP-UK95U1H" name="com.LearningMaven.LearningMaven.Tests.AppTest" tests="1" failures="0" timestamp="31 May 2017 00:19:01 GMT" time="14.898" errors="0">
  <testcase name="openWebBrowser" time="14.898" classname="com.LearningMaven.LearningMaven.Tests.AppTest"/>
</testsuite> <!-- com.LearningMaven.LearningMaven.Tests.AppTest -->
